#
# There is insufficient memory for the Java Runtime Environment to continue.
# Native memory allocation (mmap) failed to map 257949696 bytes for G1 virtual space
# Possible reasons:
#   The system is out of physical RAM or swap space
#   The process is running with CompressedOops enabled, and the Java Heap may be blocking the growth of the native heap
# Possible solutions:
#   Reduce memory load on the system
#   Increase physical memory or swap space
#   Check if swap backing store is full
#   Decrease Java heap size (-Xmx/-Xms)
#   Decrease number of Java threads
#   Decrease Java thread stack sizes (-Xss)
#   Set larger code cache with -XX:ReservedCodeCacheSize=
#   JVM is running with Zero Based Compressed Oops mode in which the Java heap is
#     placed in the first 32GB address space. The Java Heap base address is the
#     maximum limit for the native heap growth. Please use -XX:HeapBaseMinAddress
#     to set the Java Heap base and to place the Java Heap above 32GB virtual address.
# This output file may be truncated or incomplete.
#
#  Out of Memory Error (os_windows.cpp:3769), pid=25928, tid=15100
#
# JRE version:  (17.0.6) (build )
# Java VM: OpenJDK 64-Bit Server VM (17.0.6+0-b2043.56-10027231, mixed mode, sharing, tiered, compressed oops, compressed class ptrs, g1 gc, windows-amd64)
# No core dump will be written. Minidumps are not enabled by default on client versions of Windows
#

---------------  S U M M A R Y ------------

Command Line: org.jetbrains.kotlin.cli.jvm.K2JVMCompiler @C:\Users\samue\AndroidStudioProjects\GitBrainCard\BrainCard\app\build\20230827_6782558218508146022.compiler.options

Host: AMD Ryzen 7 4800H with Radeon Graphics         , 16 cores, 15G,  Windows 11 , 64 bit Build 22621 (10.0.22621.1778)
Time: Sun Aug 27 18:31:17 2023 ora legale Europa occidentale elapsed time: 0.026768 seconds (0d 0h 0m 0s)

---------------  T H R E A D  ---------------

Current thread (0x0000025b27bf7900):  JavaThread "Unknown thread" [_thread_in_vm, id=15100, stack(0x000000ac67200000,0x000000ac67300000)]

Stack: [0x000000ac67200000,0x000000ac67300000]
Native frames: (J=compiled Java code, j=interpreted, Vv=VM code, C=native code)
V  [jvm.dll+0x683c9a]
V  [jvm.dll+0x8427a4]
V  [jvm.dll+0x843f9e]
V  [jvm.dll+0x844603]
V  [jvm.dll+0x249b75]
V  [jvm.dll+0x680b69]
V  [jvm.dll+0x67505a]
V  [jvm.dll+0x309acb]
V  [jvm.dll+0x310f86]
V  [jvm.dll+0x3608ee]
V  [jvm.dll+0x360b1f]
V  [jvm.dll+0x2dfbf8]
V  [jvm.dll+0x2e0b64]
V  [jvm.dll+0x814091]
V  [jvm.dll+0x36e6a1]
V  [jvm.dll+0x7f35cc]
V  [jvm.dll+0x3f0e8f]
V  [jvm.dll+0x3f29d1]
C  [jli.dll+0x526b]
C  [ucrtbase.dll+0x29363]
C  [KERNEL32.DLL+0x126ad]
C  [ntdll.dll+0x5a9f8]


---------------  P R O C E S S  ---------------

Threads class SMR info:
_java_thread_list=0x00007ffa2102c058, length=0, elements={
}

Java Threads: ( => current thread )

Other Threads:
  0x0000025b27c62ac0 GCTaskThread "GC Thread#0" [stack: 0x000000ac67300000,0x000000ac67400000] [id=25152]
  0x0000025b27c73000 ConcurrentGCThread "G1 Main Marker" [stack: 0x000000ac67400000,0x000000ac67500000] [id=20380]
  0x0000025b27c74180 ConcurrentGCThread "G1 Conc#0" [stack: 0x000000ac67500000,0x000000ac67600000] [id=9676]

[error occurred during error reporting (printing all threads), id 0xc0000005, EXCEPTION_ACCESS_VIOLATION (0xc0000005) at pc=0x00007ffa207e0797]

VM state: not at safepoint (not fully initialized)

VM Mutex/Monitor currently owned by a thread:  ([mutex/lock_event])
[0x0000025b27bf3700] Heap_lock - owner thread: 0x0000025b27bf7900

Heap address: 0x000000070a000000, size: 3936 MB, Compressed Oops mode: Zero based, Oop shift amount: 3

CDS archive(s) mapped at: [0x0000000000000000-0x0000000000000000-0x0000000000000000), size 0, SharedBaseAddress: 0x0000000800000000, ArchiveRelocationMode: 0.
Narrow klass base: 0x0000000000000000, Narrow klass shift: 0, Narrow klass range: 0x0

GC Precious Log:
<Empty>

Heap:
 garbage-first heap   total 0K, used 0K [0x000000070a000000, 0x0000000800000000)
  region size 2048K, 0 young (0K), 0 survivors (0K)

[error occurred during error reporting (printing heap information), id 0xc0000005, EXCEPTION_ACCESS_VIOLATION (0xc0000005) at pc=0x00007ffa20bcda89]

GC Heap History (0 events):
No events

Dll operation events (1 events):
Event: 0.019 Loaded shared library C:\Program Files\Android\Android Studio\jbr\bin\java.dll

Deoptimization events (0 events):
No events

Classes unloaded (0 events):
No events

Classes redefined (0 events):
No events

Internal exceptions (0 events):
No events

VM Operations (0 events):
No events

Events (0 events):
No events


Dynamic libraries:
0x00007ff7f3300000 - 0x00007ff7f330a000 	C:\Program Files\Android\Android Studio\jbr\bin\java.exe
0x00007ffa99cf0000 - 0x00007ffa99f04000 	C:\WINDOWS\SYSTEM32\ntdll.dll
0x00007ffa97d00000 - 0x00007ffa97dc2000 	C:\WINDOWS\System32\KERNEL32.DLL
0x00007ffa970f0000 - 0x00007ffa97493000 	C:\WINDOWS\System32\KERNELBASE.dll
0x00007ffa63a00000 - 0x00007ffa63acf000 	C:\Program Files\Bitdefender\Bitdefender Security\bdhkm\dlls_266458656996445284\bdhkm64.dll
0x00007ffa638a0000 - 0x00007ffa639fb000 	C:\Program Files\Bitdefender\Bitdefender Security\atcuf\dlls_266714411637618021\atcuf64.dll
0x00007ffa97780000 - 0x00007ffa97891000 	C:\WINDOWS\System32\ucrtbase.dll
0x00007ffa70890000 - 0x00007ffa708a7000 	C:\Program Files\Android\Android Studio\jbr\bin\jli.dll
0x00007ffa99510000 - 0x00007ffa996bb000 	C:\WINDOWS\System32\USER32.dll
0x00007ffa97520000 - 0x00007ffa97546000 	C:\WINDOWS\System32\win32u.dll
0x00007ffa97ad0000 - 0x00007ffa97af9000 	C:\WINDOWS\System32\GDI32.dll
0x00007ffa979b0000 - 0x00007ffa97ac9000 	C:\WINDOWS\System32\gdi32full.dll
0x00007ffa978a0000 - 0x00007ffa9793a000 	C:\WINDOWS\System32\msvcp_win.dll
0x00007ffa5a8a0000 - 0x00007ffa5a8bb000 	C:\Program Files\Android\Android Studio\jbr\bin\VCRUNTIME140.dll
0x00007ffa77150000 - 0x00007ffa773de000 	C:\WINDOWS\WinSxS\amd64_microsoft.windows.common-controls_6595b64144ccf1df_6.0.22621.1635_none_270f70857386168e\COMCTL32.dll
0x00007ffa98dd0000 - 0x00007ffa98e77000 	C:\WINDOWS\System32\msvcrt.dll
0x00007ffa98820000 - 0x00007ffa98851000 	C:\WINDOWS\System32\IMM32.DLL
0x00007ffa766e0000 - 0x00007ffa766ec000 	C:\Program Files\Android\Android Studio\jbr\bin\vcruntime140_1.dll
0x00007ffa3d570000 - 0x00007ffa3d5fd000 	C:\Program Files\Android\Android Studio\jbr\bin\msvcp140.dll
0x00007ffa204f0000 - 0x00007ffa2115e000 	C:\Program Files\Android\Android Studio\jbr\bin\server\jvm.dll
0x00007ffa97b00000 - 0x00007ffa97bae000 	C:\WINDOWS\System32\ADVAPI32.dll
0x00007ffa99c00000 - 0x00007ffa99ca4000 	C:\WINDOWS\System32\sechost.dll
0x00007ffa988c0000 - 0x00007ffa989d7000 	C:\WINDOWS\System32\RPCRT4.dll
0x00007ffa73260000 - 0x00007ffa73269000 	C:\WINDOWS\SYSTEM32\WSOCK32.dll
0x00007ffa98ba0000 - 0x00007ffa98c11000 	C:\WINDOWS\System32\WS2_32.dll
0x00007ffa90c50000 - 0x00007ffa90c84000 	C:\WINDOWS\SYSTEM32\WINMM.dll
0x00007ffa90310000 - 0x00007ffa9031a000 	C:\WINDOWS\SYSTEM32\VERSION.dll
0x00007ffa960b0000 - 0x00007ffa960c8000 	C:\WINDOWS\SYSTEM32\kernel.appcore.dll
0x00007ffa81cc0000 - 0x00007ffa81cca000 	C:\Program Files\Android\Android Studio\jbr\bin\jimage.dll
0x00007ffa94d10000 - 0x00007ffa94f3e000 	C:\WINDOWS\SYSTEM32\DBGHELP.DLL
0x00007ffa99870000 - 0x00007ffa99bf9000 	C:\WINDOWS\System32\combase.dll
0x00007ffa99790000 - 0x00007ffa99867000 	C:\WINDOWS\System32\OLEAUT32.dll
0x00007ffa78520000 - 0x00007ffa78552000 	C:\WINDOWS\SYSTEM32\dbgcore.DLL
0x00007ffa974a0000 - 0x00007ffa9751b000 	C:\WINDOWS\System32\bcryptPrimitives.dll
0x00007ffa7daa0000 - 0x00007ffa7dac5000 	C:\Program Files\Android\Android Studio\jbr\bin\java.dll

dbghelp: loaded successfully - version: 4.0.5 - missing functions: none
symbol engine: initialized successfully - sym options: 0x614 - pdb path: .;C:\Program Files\Android\Android Studio\jbr\bin;C:\WINDOWS\SYSTEM32;C:\Program Files\Bitdefender\Bitdefender Security\bdhkm\dlls_266458656996445284;C:\Program Files\Bitdefender\Bitdefender Security\atcuf\dlls_266714411637618021;C:\WINDOWS\WinSxS\amd64_microsoft.windows.common-controls_6595b64144ccf1df_6.0.22621.1635_none_270f70857386168e;C:\Program Files\Android\Android Studio\jbr\bin\server

VM Arguments:
java_command: org.jetbrains.kotlin.cli.jvm.K2JVMCompiler @C:\Users\samue\AndroidStudioProjects\GitBrainCard\BrainCard\app\build\20230827_6782558218508146022.compiler.options
java_class_path (initial): C:\Users\samue\.gradle\caches\modules-2\files-2.1\org.jetbrains.kotlin\kotlin-compiler-embeddable\1.8.0\eb9118d4bcceaa2a94b2ae2a33a4ddba7c9a947f\kotlin-compiler-embeddable-1.8.0.jar;C:\Users\samue\.gradle\caches\modules-2\files-2.1\org.jetbrains.kotlin\kotlin-stdlib\1.8.0\1796921c7a3e2e2665a83e6c8d33399336cd39bc\kotlin-stdlib-1.8.0.jar;C:\Users\samue\.gradle\caches\modules-2\files-2.1\org.jetbrains.kotlin\kotlin-script-runtime\1.8.0\b2f7e760d283cb339974851c222a4c1d48f2d3d\kotlin-script-runtime-1.8.0.jar;C:\Users\samue\.gradle\caches\modules-2\files-2.1\org.jetbrains.kotlin\kotlin-reflect\1.6.10\1cbe9c92c12a94eea200d23c2bbaedaf3daf5132\kotlin-reflect-1.6.10.jar;C:\Users\samue\.gradle\caches\modules-2\files-2.1\org.jetbrains.kotlin\kotlin-daemon-embeddable\1.8.0\d255216c551685dc3a7e852b53617f5f01aaaa5c\kotlin-daemon-embeddable-1.8.0.jar;C:\Users\samue\.gradle\caches\modules-2\files-2.1\org.jetbrains.intellij.deps\trove4j\1.0.20200330\3afb14d5f9ceb459d724e907a21145e8ff394f02\trove4j-1.0.20200330.jar;C:\Users\samue\.gradle\caches\modules-2\files-2.1\net.java.dev.jna\jna\5.6.0\330f2244e9030119ab3030fc3fededc86713d9cc\jna-5.6.0.jar;C:\Users\samue\.gradle\caches\modules-2\files-2.1\org.jetbrains.kotlin\kotlin-stdlib-common\1.8.0\f7197e7cc76453ac59f8b0f8d5137cc600becd36\kotlin-stdlib-common-1.8.0.jar;C:\Users\samue\.gradle\caches\modules-2\files-2.1\org.jetbrains\annotations\13.0\919f0dfe192fb4e063e7dacadee7f8bb9a2672a9\annotations-13.0.jar
Launcher Type: SUN_STANDARD

[Global flags]
     intx CICompilerCount                          = 12                                        {product} {ergonomic}
     uint ConcGCThreads                            = 3                                         {product} {ergonomic}
     uint G1ConcRefinementThreads                  = 13                                        {product} {ergonomic}
   size_t G1HeapRegionSize                         = 2097152                                   {product} {ergonomic}
    uintx GCDrainStackTargetSize                   = 64                                        {product} {ergonomic}
   size_t InitialHeapSize                          = 257949696                                 {product} {ergonomic}
   size_t MarkStackSize                            = 4194304                                   {product} {ergonomic}
   size_t MaxHeapSize                              = 4127195136                                {product} {ergonomic}
   size_t MinHeapDeltaBytes                        = 2097152                                   {product} {ergonomic}
   size_t MinHeapSize                              = 8388608                                   {product} {ergonomic}
    uintx NonNMethodCodeHeapSize                   = 7602480                                {pd product} {ergonomic}
    uintx NonProfiledCodeHeapSize                  = 122027880                              {pd product} {ergonomic}
    uintx ProfiledCodeHeapSize                     = 122027880                              {pd product} {ergonomic}
    uintx ReservedCodeCacheSize                    = 251658240                              {pd product} {ergonomic}
     bool SegmentedCodeCache                       = true                                      {product} {ergonomic}
   size_t SoftMaxHeapSize                          = 4127195136                             {manageable} {ergonomic}
     bool UseCompressedClassPointers               = true                           {product lp64_product} {ergonomic}
     bool UseCompressedOops                        = true                           {product lp64_product} {ergonomic}
     bool UseG1GC                                  = true                                      {product} {ergonomic}
     bool UseLargePagesIndividualAllocation        = false                                  {pd product} {ergonomic}

Logging:
Log output configuration:
 #0: stdout all=warning uptime,level,tags
 #1: stderr all=off uptime,level,tags

Environment Variables:
PATH=C:\Program Files\Eclipse Foundation\jdk-8.0.302.8-hotspot\bin;C:\Program Files (x86)\Common Files\Oracle\Java\javapath;C:\Windows\system32;C:\Windows;C:\Windows\System32\Wbem;C:\Windows\System32\WindowsPowerShell\v1.0\;C:\Windows\System32\OpenSSH\;C:\Program Files (x86)\NVIDIA Corporation\PhysX\Common;C:\Program Files\NVIDIA Corporation\NVIDIA NvDLISR;C:\Program Files\Git\cmd;C:\WINDOWS\system32;C:\WINDOWS;C:\WINDOWS\System32\Wbem;C:\WINDOWS\System32\WindowsPowerShell\v1.0\;C:\WINDOWS\System32\OpenSSH\;C:\Program Files\MATLAB\R2021b\bin;C:\WINDOWS\system32;C:\WINDOWS;C:\WINDOWS\System32\Wbem;C:\WINDOWS\System32\WindowsPowerShell\v1.0\;C:\WINDOWS\System32\OpenSSH\;C:\Program Files\Microsoft SQL Server\130\Tools\Binn\;C:\Program Files\Microsoft SQL Server\Client SDK\ODBC\170\Tools\Binn\;C:\Program Files\dotnet\;C:\xampp\php;C:\ProgramData\ComposerSetup\bin;C:\Program Files\nodejs\;C:\Users\samue\AppData\Local\Programs\Python\Python39\Scripts\;C:\Users\samue\AppData\Local\Programs\Python\Python39\;C:\Users\samue\AppData\Roaming\Microsoft\Windows\Start Menu\Programs\Python 3.9\Python 3.9 (64-bit).lnk;C:\Users\samue\AppData\Local\GitHubDesktop\bin;C:\Users\samue\AppData\Local\Microsoft\WindowsApps;C:\Users\samue\.dotnet\tools;C:\Users\samue\AppData\Local\Programs\Microsoft VS Code\bin;C:\Users\samue\AppData\Roaming\Composer\vendor\bin;C:\xampp\php;C:\Users\samue\AppData\Roaming\npm;C:\Program Files\nodejs;
USERNAME=samue
OS=Windows_NT
PROCESSOR_IDENTIFIER=AMD64 Family 23 Model 96 Stepping 1, AuthenticAMD
TMP=C:\Users\samue\AppData\Local\Temp
TEMP=C:\Users\samue\AppData\Local\Temp


JNI global refs:

[error occurred during error reporting (JNI global references), id 0xc0000005, EXCEPTION_ACCESS_VIOLATION (0xc0000005) at pc=0x00007ffa205a7a10]


---------------  S Y S T E M  ---------------

OS:
 Windows 11 , 64 bit Build 22621 (10.0.22621.1778)
OS uptime: 9 days 3:25 hours
Hyper-V role detected

CPU: total 16 (initial active 16) (16 cores per cpu, 2 threads per core) family 23 model 96 stepping 1 microcode 0x0, cx8, cmov, fxsr, ht, mmx, 3dnowpref, sse, sse2, sse3, ssse3, sse4a, sse4.1, sse4.2, popcnt, lzcnt, tsc, tscinvbit, avx, avx2, aes, clmul, bmi1, bmi2, adx, sha, fma, vzeroupper, clflush, clflushopt, hv

Memory: 4k page, system-wide physical 15741M (1570M free)
TotalPageFile size 18741M (AvailPageFile size 225M)
current process WorkingSet (physical memory assigned to process): 13M, peak: 13M
current process commit charge ("private bytes"): 73M, peak: 319M

vm_info: OpenJDK 64-Bit Server VM (17.0.6+0-b2043.56-10027231) for windows-amd64 JRE (17.0.6+0-b2043.56-10027231), built on Apr 28 2023 00:43:19 by "androidbuild" with MS VC++ 16.10 / 16.11 (VS2019)

END.
