#
# There is insufficient memory for the Java Runtime Environment to continue.
# Native memory allocation (mmap) failed to map 65536 bytes for Failed to commit metaspace.
# Possible reasons:
#   The system is out of physical RAM or swap space
#   The process is running with CompressedOops enabled, and the Java Heap may be blocking the growth of the native heap
# Possible solutions:
#   Reduce memory load on the system
#   Increase physical memory or swap space
#   Check if swap backing store is full
#   Decrease Java heap size (-Xmx/-Xms)
#   Decrease number of Java threads
#   Decrease Java thread stack sizes (-Xss)
#   Set larger code cache with -XX:ReservedCodeCacheSize=
#   JVM is running with Zero Based Compressed Oops mode in which the Java heap is
#     placed in the first 32GB address space. The Java Heap base address is the
#     maximum limit for the native heap growth. Please use -XX:HeapBaseMinAddress
#     to set the Java Heap base and to place the Java Heap above 32GB virtual address.
# This output file may be truncated or incomplete.
#
#  Out of Memory Error (virtualSpaceNode.cpp:110), pid=16364, tid=16920
#
# JRE version: OpenJDK Runtime Environment (17.0.6) (build 17.0.6+0-b2043.56-10027231)
# Java VM: OpenJDK 64-Bit Server VM (17.0.6+0-b2043.56-10027231, mixed mode, tiered, compressed oops, compressed class ptrs, g1 gc, windows-amd64)
# No core dump will be written. Minidumps are not enabled by default on client versions of Windows
#

---------------  S U M M A R Y ------------

Command Line: org.jetbrains.kotlin.cli.jvm.K2JVMCompiler @C:\Users\samue\AndroidStudioProjects\GitBrainCard\BrainCard\app\build\20230827_11818265312590126085.compiler.options

Host: AMD Ryzen 7 4800H with Radeon Graphics         , 16 cores, 15G,  Windows 11 , 64 bit Build 22621 (10.0.22621.1778)
Time: Sun Aug 27 18:29:10 2023 ora legale Europa occidentale elapsed time: 0.281503 seconds (0d 0h 0m 0s)

---------------  T H R E A D  ---------------

Current thread (0x0000015d52037900):  JavaThread "main" [_thread_in_vm, id=16920, stack(0x00000027ef600000,0x00000027ef700000)]

Stack: [0x00000027ef600000,0x00000027ef700000]
Native frames: (J=compiled Java code, j=interpreted, Vv=VM code, C=native code)
V  [jvm.dll+0x683c9a]
V  [jvm.dll+0x8427a4]
V  [jvm.dll+0x843f9e]
V  [jvm.dll+0x844603]
V  [jvm.dll+0x249b75]
V  [jvm.dll+0x83e7fb]
V  [jvm.dll+0x628006]
V  [jvm.dll+0x1c194e]
V  [jvm.dll+0x62a941]
V  [jvm.dll+0x6289a6]
V  [jvm.dll+0x241238]
V  [jvm.dll+0x6dac15]
V  [jvm.dll+0x6db60f]
V  [jvm.dll+0x375330]
V  [jvm.dll+0x3744a2]
V  [jvm.dll+0x374448]
V  [jvm.dll+0x3843ba]
C  0x0000015d5c95b6ee

Java frames: (J=compiled Java code, j=interpreted, Vv=VM code)
j  org.jetbrains.kotlin.cli.jvm.K2JVMCompiler.createArguments()Lorg/jetbrains/kotlin/cli/common/arguments/K2JVMCompilerArguments;+0
j  org.jetbrains.kotlin.cli.jvm.K2JVMCompiler.createArguments()Lorg/jetbrains/kotlin/cli/common/arguments/CommonToolArguments;+1
j  org.jetbrains.kotlin.cli.common.CLITool.exec(Ljava/io/PrintStream;Lorg/jetbrains/kotlin/config/Services;Lorg/jetbrains/kotlin/cli/common/messages/MessageRenderer;[Ljava/lang/String;)Lorg/jetbrains/kotlin/cli/common/ExitCode;+26
j  org.jetbrains.kotlin.cli.common.CLITool.exec(Ljava/io/PrintStream;Lorg/jetbrains/kotlin/cli/common/messages/MessageRenderer;[Ljava/lang/String;)Lorg/jetbrains/kotlin/cli/common/ExitCode;+25
j  org.jetbrains.kotlin.cli.common.CLITool$Companion.doMainNoExit(Lorg/jetbrains/kotlin/cli/common/CLITool;[Ljava/lang/String;Lorg/jetbrains/kotlin/cli/common/messages/MessageRenderer;)Lorg/jetbrains/kotlin/cli/common/ExitCode;+39
j  org.jetbrains.kotlin.cli.common.CLITool$Companion.doMainNoExit$default(Lorg/jetbrains/kotlin/cli/common/CLITool$Companion;Lorg/jetbrains/kotlin/cli/common/CLITool;[Ljava/lang/String;Lorg/jetbrains/kotlin/cli/common/messages/MessageRenderer;ILjava/lang/Object;)Lorg/jetbrains/kotlin/cli/common/ExitCode;+16
j  org.jetbrains.kotlin.cli.common.CLITool$Companion.doMain(Lorg/jetbrains/kotlin/cli/common/CLITool;[Ljava/lang/String;)V+57
j  org.jetbrains.kotlin.cli.jvm.K2JVMCompiler$Companion.main([Ljava/lang/String;)V+20
j  org.jetbrains.kotlin.cli.jvm.K2JVMCompiler.main([Ljava/lang/String;)V+4
v  ~StubRoutines::call_stub

---------------  P R O C E S S  ---------------

Threads class SMR info:
_java_thread_list=0x0000015d71a11fb0, length=14, elements={
0x0000015d52037900, 0x0000015d7186a120, 0x0000015d7186aad0, 0x0000015d718a1520,
0x0000015d718c6b20, 0x0000015d718b8750, 0x0000015d718b9100, 0x0000015d718ba4a0,
0x0000015d718bbf50, 0x0000015d718bfe40, 0x0000015d71a237a0, 0x0000015d71a34360,
0x0000015d71a40c70, 0x0000015d71a37e90
}

Java Threads: ( => current thread )
=>0x0000015d52037900 JavaThread "main" [_thread_in_vm, id=16920, stack(0x00000027ef600000,0x00000027ef700000)]
  0x0000015d7186a120 JavaThread "Reference Handler" daemon [_thread_blocked, id=10484, stack(0x00000027efd00000,0x00000027efe00000)]
  0x0000015d7186aad0 JavaThread "Finalizer" daemon [_thread_blocked, id=19700, stack(0x00000027efe00000,0x00000027eff00000)]
  0x0000015d718a1520 JavaThread "Signal Dispatcher" daemon [_thread_blocked, id=10348, stack(0x00000027eff00000,0x00000027f0000000)]
  0x0000015d718c6b20 JavaThread "Attach Listener" daemon [_thread_blocked, id=27128, stack(0x00000027f0000000,0x00000027f0100000)]
  0x0000015d718b8750 JavaThread "Service Thread" daemon [_thread_blocked, id=16548, stack(0x00000027f0100000,0x00000027f0200000)]
  0x0000015d718b9100 JavaThread "Monitor Deflation Thread" daemon [_thread_blocked, id=25728, stack(0x00000027f0200000,0x00000027f0300000)]
  0x0000015d718ba4a0 JavaThread "C2 CompilerThread0" daemon [_thread_blocked, id=6716, stack(0x00000027f0300000,0x00000027f0400000)]
  0x0000015d718bbf50 JavaThread "C1 CompilerThread0" daemon [_thread_blocked, id=28308, stack(0x00000027f0400000,0x00000027f0500000)]
  0x0000015d718bfe40 JavaThread "Sweeper thread" daemon [_thread_blocked, id=27728, stack(0x00000027f0500000,0x00000027f0600000)]
  0x0000015d71a237a0 JavaThread "C1 CompilerThread1" daemon [_thread_blocked, id=7736, stack(0x00000027f0600000,0x00000027f0700000)]
  0x0000015d71a34360 JavaThread "Notification Thread" daemon [_thread_blocked, id=12304, stack(0x00000027f0700000,0x00000027f0800000)]
  0x0000015d71a40c70 JavaThread "Common-Cleaner" daemon [_thread_blocked, id=18912, stack(0x00000027f0900000,0x00000027f0a00000)]
  0x0000015d71a37e90 JavaThread "C2 CompilerThread1" daemon [_thread_blocked, id=11068, stack(0x00000027f0a00000,0x00000027f0b00000)]

Other Threads:
  0x0000015d7185f630 VMThread "VM Thread" [stack: 0x00000027efc00000,0x00000027efd00000] [id=10380]
  0x0000015d520bd410 WatcherThread [stack: 0x00000027f0800000,0x00000027f0900000] [id=2792]
  0x0000015d520a2ac0 GCTaskThread "GC Thread#0" [stack: 0x00000027ef700000,0x00000027ef800000] [id=24600]
  0x0000015d520b3000 ConcurrentGCThread "G1 Main Marker" [stack: 0x00000027ef800000,0x00000027ef900000] [id=27692]
  0x0000015d520b3b70 ConcurrentGCThread "G1 Conc#0" [stack: 0x00000027ef900000,0x00000027efa00000] [id=6560]
  0x0000015d520ee7b0 ConcurrentGCThread "G1 Refine#0" [stack: 0x00000027efa00000,0x00000027efb00000] [id=27368]
  0x0000015d70db37b0 ConcurrentGCThread "G1 Service" [stack: 0x00000027efb00000,0x00000027efc00000] [id=28024]

Threads with active compile tasks:

VM state: not at safepoint (normal execution)

VM Mutex/Monitor currently owned by a thread:  ([mutex/lock_event])
[0x0000015d5201f6e0] Metaspace_lock - owner thread: 0x0000015d52037900

Heap address: 0x000000070a000000, size: 3936 MB, Compressed Oops mode: Zero based, Oop shift amount: 3

CDS archive(s) not mapped
Compressed class space mapped at: 0x0000000800000000-0x0000000840000000, reserved size: 1073741824
Narrow klass base: 0x0000000800000000, Narrow klass shift: 0, Narrow klass range: 0x40000000

GC Precious Log:
 CPUs: 16 total, 16 available
 Memory: 15741M
 Large Page Support: Disabled
 NUMA Support: Disabled
 Compressed Oops: Enabled (Zero based)
 Heap Region Size: 2M
 Heap Min Capacity: 8M
 Heap Initial Capacity: 246M
 Heap Max Capacity: 3936M
 Pre-touch: Disabled
 Parallel Workers: 13
 Concurrent Workers: 3
 Concurrent Refinement Workers: 13
 Periodic GC: Disabled

Heap:
 garbage-first heap   total 251904K, used 8192K [0x000000070a000000, 0x0000000800000000)
  region size 2048K, 3 young (6144K), 0 survivors (0K)
 Metaspace       used 6796K, committed 6912K, reserved 1056768K
  class space    used 556K, committed 640K, reserved 1048576K

Heap Regions: E=young(eden), S=young(survivor), O=old, HS=humongous(starts), HC=humongous(continues), CS=collection set, F=free, OA=open archive, CA=closed archive, TAMS=top-at-mark-start (previous, next)
|   0|0x000000070a000000, 0x000000070a200000, 0x000000070a200000|100%|HS|  |TAMS 0x000000070a000000, 0x000000070a000000| Complete 
|   1|0x000000070a200000, 0x000000070a400000, 0x000000070a400000|100%|HC|  |TAMS 0x000000070a200000, 0x000000070a200000| Complete 
|   2|0x000000070a400000, 0x000000070a400000, 0x000000070a600000|  0%| F|  |TAMS 0x000000070a400000, 0x000000070a400000| Untracked 
|   3|0x000000070a600000, 0x000000070a600000, 0x000000070a800000|  0%| F|  |TAMS 0x000000070a600000, 0x000000070a600000| Untracked 
|   4|0x000000070a800000, 0x000000070a800000, 0x000000070aa00000|  0%| F|  |TAMS 0x000000070a800000, 0x000000070a800000| Untracked 
|   5|0x000000070aa00000, 0x000000070aa00000, 0x000000070ac00000|  0%| F|  |TAMS 0x000000070aa00000, 0x000000070aa00000| Untracked 
|   6|0x000000070ac00000, 0x000000070ac00000, 0x000000070ae00000|  0%| F|  |TAMS 0x000000070ac00000, 0x000000070ac00000| Untracked 
|   7|0x000000070ae00000, 0x000000070ae00000, 0x000000070b000000|  0%| F|  |TAMS 0x000000070ae00000, 0x000000070ae00000| Untracked 
|   8|0x000000070b000000, 0x000000070b000000, 0x000000070b200000|  0%| F|  |TAMS 0x000000070b000000, 0x000000070b000000| Untracked 
|   9|0x000000070b200000, 0x000000070b200000, 0x000000070b400000|  0%| F|  |TAMS 0x000000070b200000, 0x000000070b200000| Untracked 
|  10|0x000000070b400000, 0x000000070b400000, 0x000000070b600000|  0%| F|  |TAMS 0x000000070b400000, 0x000000070b400000| Untracked 
|  11|0x000000070b600000, 0x000000070b600000, 0x000000070b800000|  0%| F|  |TAMS 0x000000070b600000, 0x000000070b600000| Untracked 
|  12|0x000000070b800000, 0x000000070b800000, 0x000000070ba00000|  0%| F|  |TAMS 0x000000070b800000, 0x000000070b800000| Untracked 
|  13|0x000000070ba00000, 0x000000070ba00000, 0x000000070bc00000|  0%| F|  |TAMS 0x000000070ba00000, 0x000000070ba00000| Untracked 
|  14|0x000000070bc00000, 0x000000070bc00000, 0x000000070be00000|  0%| F|  |TAMS 0x000000070bc00000, 0x000000070bc00000| Untracked 
|  15|0x000000070be00000, 0x000000070be00000, 0x000000070c000000|  0%| F|  |TAMS 0x000000070be00000, 0x000000070be00000| Untracked 
|  16|0x000000070c000000, 0x000000070c000000, 0x000000070c200000|  0%| F|  |TAMS 0x000000070c000000, 0x000000070c000000| Untracked 
|  17|0x000000070c200000, 0x000000070c200000, 0x000000070c400000|  0%| F|  |TAMS 0x000000070c200000, 0x000000070c200000| Untracked 
|  18|0x000000070c400000, 0x000000070c400000, 0x000000070c600000|  0%| F|  |TAMS 0x000000070c400000, 0x000000070c400000| Untracked 
|  19|0x000000070c600000, 0x000000070c600000, 0x000000070c800000|  0%| F|  |TAMS 0x000000070c600000, 0x000000070c600000| Untracked 
|  20|0x000000070c800000, 0x000000070c800000, 0x000000070ca00000|  0%| F|  |TAMS 0x000000070c800000, 0x000000070c800000| Untracked 
|  21|0x000000070ca00000, 0x000000070ca00000, 0x000000070cc00000|  0%| F|  |TAMS 0x000000070ca00000, 0x000000070ca00000| Untracked 
|  22|0x000000070cc00000, 0x000000070cc00000, 0x000000070ce00000|  0%| F|  |TAMS 0x000000070cc00000, 0x000000070cc00000| Untracked 
|  23|0x000000070ce00000, 0x000000070ce00000, 0x000000070d000000|  0%| F|  |TAMS 0x000000070ce00000, 0x000000070ce00000| Untracked 
|  24|0x000000070d000000, 0x000000070d000000, 0x000000070d200000|  0%| F|  |TAMS 0x000000070d000000, 0x000000070d000000| Untracked 
|  25|0x000000070d200000, 0x000000070d200000, 0x000000070d400000|  0%| F|  |TAMS 0x000000070d200000, 0x000000070d200000| Untracked 
|  26|0x000000070d400000, 0x000000070d400000, 0x000000070d600000|  0%| F|  |TAMS 0x000000070d400000, 0x000000070d400000| Untracked 
|  27|0x000000070d600000, 0x000000070d600000, 0x000000070d800000|  0%| F|  |TAMS 0x000000070d600000, 0x000000070d600000| Untracked 
|  28|0x000000070d800000, 0x000000070d800000, 0x000000070da00000|  0%| F|  |TAMS 0x000000070d800000, 0x000000070d800000| Untracked 
|  29|0x000000070da00000, 0x000000070da00000, 0x000000070dc00000|  0%| F|  |TAMS 0x000000070da00000, 0x000000070da00000| Untracked 
|  30|0x000000070dc00000, 0x000000070dc00000, 0x000000070de00000|  0%| F|  |TAMS 0x000000070dc00000, 0x000000070dc00000| Untracked 
|  31|0x000000070de00000, 0x000000070de00000, 0x000000070e000000|  0%| F|  |TAMS 0x000000070de00000, 0x000000070de00000| Untracked 
|  32|0x000000070e000000, 0x000000070e000000, 0x000000070e200000|  0%| F|  |TAMS 0x000000070e000000, 0x000000070e000000| Untracked 
|  33|0x000000070e200000, 0x000000070e200000, 0x000000070e400000|  0%| F|  |TAMS 0x000000070e200000, 0x000000070e200000| Untracked 
|  34|0x000000070e400000, 0x000000070e400000, 0x000000070e600000|  0%| F|  |TAMS 0x000000070e400000, 0x000000070e400000| Untracked 
|  35|0x000000070e600000, 0x000000070e600000, 0x000000070e800000|  0%| F|  |TAMS 0x000000070e600000, 0x000000070e600000| Untracked 
|  36|0x000000070e800000, 0x000000070e800000, 0x000000070ea00000|  0%| F|  |TAMS 0x000000070e800000, 0x000000070e800000| Untracked 
|  37|0x000000070ea00000, 0x000000070ea00000, 0x000000070ec00000|  0%| F|  |TAMS 0x000000070ea00000, 0x000000070ea00000| Untracked 
|  38|0x000000070ec00000, 0x000000070ec00000, 0x000000070ee00000|  0%| F|  |TAMS 0x000000070ec00000, 0x000000070ec00000| Untracked 
|  39|0x000000070ee00000, 0x000000070ee00000, 0x000000070f000000|  0%| F|  |TAMS 0x000000070ee00000, 0x000000070ee00000| Untracked 
|  40|0x000000070f000000, 0x000000070f000000, 0x000000070f200000|  0%| F|  |TAMS 0x000000070f000000, 0x000000070f000000| Untracked 
|  41|0x000000070f200000, 0x000000070f200000, 0x000000070f400000|  0%| F|  |TAMS 0x000000070f200000, 0x000000070f200000| Untracked 
|  42|0x000000070f400000, 0x000000070f400000, 0x000000070f600000|  0%| F|  |TAMS 0x000000070f400000, 0x000000070f400000| Untracked 
|  43|0x000000070f600000, 0x000000070f600000, 0x000000070f800000|  0%| F|  |TAMS 0x000000070f600000, 0x000000070f600000| Untracked 
|  44|0x000000070f800000, 0x000000070f800000, 0x000000070fa00000|  0%| F|  |TAMS 0x000000070f800000, 0x000000070f800000| Untracked 
|  45|0x000000070fa00000, 0x000000070fa00000, 0x000000070fc00000|  0%| F|  |TAMS 0x000000070fa00000, 0x000000070fa00000| Untracked 
|  46|0x000000070fc00000, 0x000000070fc00000, 0x000000070fe00000|  0%| F|  |TAMS 0x000000070fc00000, 0x000000070fc00000| Untracked 
|  47|0x000000070fe00000, 0x000000070fe00000, 0x0000000710000000|  0%| F|  |TAMS 0x000000070fe00000, 0x000000070fe00000| Untracked 
|  48|0x0000000710000000, 0x0000000710000000, 0x0000000710200000|  0%| F|  |TAMS 0x0000000710000000, 0x0000000710000000| Untracked 
|  49|0x0000000710200000, 0x0000000710200000, 0x0000000710400000|  0%| F|  |TAMS 0x0000000710200000, 0x0000000710200000| Untracked 
|  50|0x0000000710400000, 0x0000000710400000, 0x0000000710600000|  0%| F|  |TAMS 0x0000000710400000, 0x0000000710400000| Untracked 
|  51|0x0000000710600000, 0x0000000710600000, 0x0000000710800000|  0%| F|  |TAMS 0x0000000710600000, 0x0000000710600000| Untracked 
|  52|0x0000000710800000, 0x0000000710800000, 0x0000000710a00000|  0%| F|  |TAMS 0x0000000710800000, 0x0000000710800000| Untracked 
|  53|0x0000000710a00000, 0x0000000710a00000, 0x0000000710c00000|  0%| F|  |TAMS 0x0000000710a00000, 0x0000000710a00000| Untracked 
|  54|0x0000000710c00000, 0x0000000710c00000, 0x0000000710e00000|  0%| F|  |TAMS 0x0000000710c00000, 0x0000000710c00000| Untracked 
|  55|0x0000000710e00000, 0x0000000710e00000, 0x0000000711000000|  0%| F|  |TAMS 0x0000000710e00000, 0x0000000710e00000| Untracked 
|  56|0x0000000711000000, 0x0000000711000000, 0x0000000711200000|  0%| F|  |TAMS 0x0000000711000000, 0x0000000711000000| Untracked 
|  57|0x0000000711200000, 0x0000000711200000, 0x0000000711400000|  0%| F|  |TAMS 0x0000000711200000, 0x0000000711200000| Untracked 
|  58|0x0000000711400000, 0x0000000711400000, 0x0000000711600000|  0%| F|  |TAMS 0x0000000711400000, 0x0000000711400000| Untracked 
|  59|0x0000000711600000, 0x0000000711600000, 0x0000000711800000|  0%| F|  |TAMS 0x0000000711600000, 0x0000000711600000| Untracked 
|  60|0x0000000711800000, 0x0000000711800000, 0x0000000711a00000|  0%| F|  |TAMS 0x0000000711800000, 0x0000000711800000| Untracked 
|  61|0x0000000711a00000, 0x0000000711a00000, 0x0000000711c00000|  0%| F|  |TAMS 0x0000000711a00000, 0x0000000711a00000| Untracked 
|  62|0x0000000711c00000, 0x0000000711c00000, 0x0000000711e00000|  0%| F|  |TAMS 0x0000000711c00000, 0x0000000711c00000| Untracked 
|  63|0x0000000711e00000, 0x0000000711e00000, 0x0000000712000000|  0%| F|  |TAMS 0x0000000711e00000, 0x0000000711e00000| Untracked 
|  64|0x0000000712000000, 0x0000000712000000, 0x0000000712200000|  0%| F|  |TAMS 0x0000000712000000, 0x0000000712000000| Untracked 
|  65|0x0000000712200000, 0x0000000712200000, 0x0000000712400000|  0%| F|  |TAMS 0x0000000712200000, 0x0000000712200000| Untracked 
|  66|0x0000000712400000, 0x0000000712400000, 0x0000000712600000|  0%| F|  |TAMS 0x0000000712400000, 0x0000000712400000| Untracked 
|  67|0x0000000712600000, 0x0000000712600000, 0x0000000712800000|  0%| F|  |TAMS 0x0000000712600000, 0x0000000712600000| Untracked 
|  68|0x0000000712800000, 0x0000000712800000, 0x0000000712a00000|  0%| F|  |TAMS 0x0000000712800000, 0x0000000712800000| Untracked 
|  69|0x0000000712a00000, 0x0000000712a00000, 0x0000000712c00000|  0%| F|  |TAMS 0x0000000712a00000, 0x0000000712a00000| Untracked 
|  70|0x0000000712c00000, 0x0000000712c00000, 0x0000000712e00000|  0%| F|  |TAMS 0x0000000712c00000, 0x0000000712c00000| Untracked 
|  71|0x0000000712e00000, 0x0000000712e00000, 0x0000000713000000|  0%| F|  |TAMS 0x0000000712e00000, 0x0000000712e00000| Untracked 
|  72|0x0000000713000000, 0x0000000713000000, 0x0000000713200000|  0%| F|  |TAMS 0x0000000713000000, 0x0000000713000000| Untracked 
|  73|0x0000000713200000, 0x0000000713200000, 0x0000000713400000|  0%| F|  |TAMS 0x0000000713200000, 0x0000000713200000| Untracked 
|  74|0x0000000713400000, 0x0000000713400000, 0x0000000713600000|  0%| F|  |TAMS 0x0000000713400000, 0x0000000713400000| Untracked 
|  75|0x0000000713600000, 0x0000000713600000, 0x0000000713800000|  0%| F|  |TAMS 0x0000000713600000, 0x0000000713600000| Untracked 
|  76|0x0000000713800000, 0x0000000713800000, 0x0000000713a00000|  0%| F|  |TAMS 0x0000000713800000, 0x0000000713800000| Untracked 
|  77|0x0000000713a00000, 0x0000000713a00000, 0x0000000713c00000|  0%| F|  |TAMS 0x0000000713a00000, 0x0000000713a00000| Untracked 
|  78|0x0000000713c00000, 0x0000000713c00000, 0x0000000713e00000|  0%| F|  |TAMS 0x0000000713c00000, 0x0000000713c00000| Untracked 
|  79|0x0000000713e00000, 0x0000000713e00000, 0x0000000714000000|  0%| F|  |TAMS 0x0000000713e00000, 0x0000000713e00000| Untracked 
|  80|0x0000000714000000, 0x0000000714000000, 0x0000000714200000|  0%| F|  |TAMS 0x0000000714000000, 0x0000000714000000| Untracked 
|  81|0x0000000714200000, 0x0000000714200000, 0x0000000714400000|  0%| F|  |TAMS 0x0000000714200000, 0x0000000714200000| Untracked 
|  82|0x0000000714400000, 0x0000000714400000, 0x0000000714600000|  0%| F|  |TAMS 0x0000000714400000, 0x0000000714400000| Untracked 
|  83|0x0000000714600000, 0x0000000714600000, 0x0000000714800000|  0%| F|  |TAMS 0x0000000714600000, 0x0000000714600000| Untracked 
|  84|0x0000000714800000, 0x0000000714800000, 0x0000000714a00000|  0%| F|  |TAMS 0x0000000714800000, 0x0000000714800000| Untracked 
|  85|0x0000000714a00000, 0x0000000714a00000, 0x0000000714c00000|  0%| F|  |TAMS 0x0000000714a00000, 0x0000000714a00000| Untracked 
|  86|0x0000000714c00000, 0x0000000714c00000, 0x0000000714e00000|  0%| F|  |TAMS 0x0000000714c00000, 0x0000000714c00000| Untracked 
|  87|0x0000000714e00000, 0x0000000714e00000, 0x0000000715000000|  0%| F|  |TAMS 0x0000000714e00000, 0x0000000714e00000| Untracked 
|  88|0x0000000715000000, 0x0000000715000000, 0x0000000715200000|  0%| F|  |TAMS 0x0000000715000000, 0x0000000715000000| Untracked 
|  89|0x0000000715200000, 0x0000000715200000, 0x0000000715400000|  0%| F|  |TAMS 0x0000000715200000, 0x0000000715200000| Untracked 
|  90|0x0000000715400000, 0x0000000715400000, 0x0000000715600000|  0%| F|  |TAMS 0x0000000715400000, 0x0000000715400000| Untracked 
|  91|0x0000000715600000, 0x0000000715600000, 0x0000000715800000|  0%| F|  |TAMS 0x0000000715600000, 0x0000000715600000| Untracked 
|  92|0x0000000715800000, 0x0000000715800000, 0x0000000715a00000|  0%| F|  |TAMS 0x0000000715800000, 0x0000000715800000| Untracked 
|  93|0x0000000715a00000, 0x0000000715a00000, 0x0000000715c00000|  0%| F|  |TAMS 0x0000000715a00000, 0x0000000715a00000| Untracked 
|  94|0x0000000715c00000, 0x0000000715c00000, 0x0000000715e00000|  0%| F|  |TAMS 0x0000000715c00000, 0x0000000715c00000| Untracked 
|  95|0x0000000715e00000, 0x0000000715e00000, 0x0000000716000000|  0%| F|  |TAMS 0x0000000715e00000, 0x0000000715e00000| Untracked 
|  96|0x0000000716000000, 0x0000000716000000, 0x0000000716200000|  0%| F|  |TAMS 0x0000000716000000, 0x0000000716000000| Untracked 
|  97|0x0000000716200000, 0x0000000716200000, 0x0000000716400000|  0%| F|  |TAMS 0x0000000716200000, 0x0000000716200000| Untracked 
|  98|0x0000000716400000, 0x0000000716400000, 0x0000000716600000|  0%| F|  |TAMS 0x0000000716400000, 0x0000000716400000| Untracked 
|  99|0x0000000716600000, 0x0000000716600000, 0x0000000716800000|  0%| F|  |TAMS 0x0000000716600000, 0x0000000716600000| Untracked 
| 100|0x0000000716800000, 0x0000000716800000, 0x0000000716a00000|  0%| F|  |TAMS 0x0000000716800000, 0x0000000716800000| Untracked 
| 101|0x0000000716a00000, 0x0000000716a00000, 0x0000000716c00000|  0%| F|  |TAMS 0x0000000716a00000, 0x0000000716a00000| Untracked 
| 102|0x0000000716c00000, 0x0000000716c00000, 0x0000000716e00000|  0%| F|  |TAMS 0x0000000716c00000, 0x0000000716c00000| Untracked 
| 103|0x0000000716e00000, 0x0000000716e00000, 0x0000000717000000|  0%| F|  |TAMS 0x0000000716e00000, 0x0000000716e00000| Untracked 
| 104|0x0000000717000000, 0x0000000717000000, 0x0000000717200000|  0%| F|  |TAMS 0x0000000717000000, 0x0000000717000000| Untracked 
| 105|0x0000000717200000, 0x0000000717200000, 0x0000000717400000|  0%| F|  |TAMS 0x0000000717200000, 0x0000000717200000| Untracked 
| 106|0x0000000717400000, 0x0000000717400000, 0x0000000717600000|  0%| F|  |TAMS 0x0000000717400000, 0x0000000717400000| Untracked 
| 107|0x0000000717600000, 0x0000000717600000, 0x0000000717800000|  0%| F|  |TAMS 0x0000000717600000, 0x0000000717600000| Untracked 
| 108|0x0000000717800000, 0x0000000717800000, 0x0000000717a00000|  0%| F|  |TAMS 0x0000000717800000, 0x0000000717800000| Untracked 
| 109|0x0000000717a00000, 0x0000000717a00000, 0x0000000717c00000|  0%| F|  |TAMS 0x0000000717a00000, 0x0000000717a00000| Untracked 
| 110|0x0000000717c00000, 0x0000000717c00000, 0x0000000717e00000|  0%| F|  |TAMS 0x0000000717c00000, 0x0000000717c00000| Untracked 
| 111|0x0000000717e00000, 0x0000000717e00000, 0x0000000718000000|  0%| F|  |TAMS 0x0000000717e00000, 0x0000000717e00000| Untracked 
| 112|0x0000000718000000, 0x0000000718000000, 0x0000000718200000|  0%| F|  |TAMS 0x0000000718000000, 0x0000000718000000| Untracked 
| 113|0x0000000718200000, 0x0000000718200000, 0x0000000718400000|  0%| F|  |TAMS 0x0000000718200000, 0x0000000718200000| Untracked 
| 114|0x0000000718400000, 0x0000000718400000, 0x0000000718600000|  0%| F|  |TAMS 0x0000000718400000, 0x0000000718400000| Untracked 
| 115|0x0000000718600000, 0x0000000718600000, 0x0000000718800000|  0%| F|  |TAMS 0x0000000718600000, 0x0000000718600000| Untracked 
| 116|0x0000000718800000, 0x0000000718800000, 0x0000000718a00000|  0%| F|  |TAMS 0x0000000718800000, 0x0000000718800000| Untracked 
| 117|0x0000000718a00000, 0x0000000718a00000, 0x0000000718c00000|  0%| F|  |TAMS 0x0000000718a00000, 0x0000000718a00000| Untracked 
| 118|0x0000000718c00000, 0x0000000718c00000, 0x0000000718e00000|  0%| F|  |TAMS 0x0000000718c00000, 0x0000000718c00000| Untracked 
| 119|0x0000000718e00000, 0x0000000718e00000, 0x0000000719000000|  0%| F|  |TAMS 0x0000000718e00000, 0x0000000718e00000| Untracked 
| 120|0x0000000719000000, 0x000000071910b7f8, 0x0000000719200000| 52%| E|  |TAMS 0x0000000719000000, 0x0000000719000000| Complete 
| 121|0x0000000719200000, 0x0000000719400000, 0x0000000719400000|100%| E|CS|TAMS 0x0000000719200000, 0x0000000719200000| Complete 
| 122|0x0000000719400000, 0x0000000719600000, 0x0000000719600000|100%| E|CS|TAMS 0x0000000719400000, 0x0000000719400000| Complete 

Card table byte_map: [0x0000015d65410000,0x0000015d65bc0000] _byte_map_base: 0x0000015d61bc0000

Marking Bits (Prev, Next): (CMBitMap*) 0x0000015d520a30d0, (CMBitMap*) 0x0000015d520a3110
 Prev Bits: [0x0000015d66370000, 0x0000015d6a0f0000)
 Next Bits: [0x0000015d6a0f0000, 0x0000015d6de70000)

Polling page: 0x0000015d4f6b0000

Metaspace:

Usage:
  Non-class:      6.09 MB used.
      Class:    556.52 KB used.
       Both:      6.64 MB used.

Virtual space:
  Non-class space:        8.00 MB reserved,       6.12 MB ( 77%) committed,  1 nodes.
      Class space:        1.00 GB reserved,     640.00 KB ( <1%) committed,  1 nodes.
             Both:        1.01 GB reserved,       6.75 MB ( <1%) committed. 

Chunk freelists:
   Non-Class:  1.86 MB
       Class:  3.23 MB
        Both:  5.09 MB

MaxMetaspaceSize: unlimited
CompressedClassSpaceSize: 1.00 GB
Initial GC threshold: 21.00 MB
Current GC threshold: 21.00 MB
CDS: off
MetaspaceReclaimPolicy: balanced
 - commit_granule_bytes: 65536.
 - commit_granule_words: 8192.
 - virtual_space_node_default_size: 1048576.
 - enlarge_chunks_in_place: 1.
 - new_chunks_are_fully_committed: 0.
 - uncommit_free_chunks: 1.
 - use_allocation_guard: 0.
 - handle_deallocations: 1.


Internal statistics:

num_allocs_failed_limit: 0.
num_arena_births: 6.
num_arena_deaths: 0.
num_vsnodes_births: 2.
num_vsnodes_deaths: 0.
num_space_committed: 108.
num_space_uncommitted: 0.
num_chunks_returned_to_freelist: 0.
num_chunks_taken_from_freelist: 43.
num_chunk_merges: 0.
num_chunk_splits: 29.
num_chunks_enlarged: 23.
num_purges: 0.
num_inconsistent_stats: 0.

CodeHeap 'non-profiled nmethods': size=119168Kb used=55Kb max_used=55Kb free=119112Kb
 bounds [0x0000015d5d090000, 0x0000015d5d300000, 0x0000015d644f0000]
CodeHeap 'profiled nmethods': size=119104Kb used=274Kb max_used=274Kb free=118829Kb
 bounds [0x0000015d554f0000, 0x0000015d55760000, 0x0000015d5c940000]
CodeHeap 'non-nmethods': size=7488Kb used=1667Kb max_used=1680Kb free=5821Kb
 bounds [0x0000015d5c940000, 0x0000015d5cbb0000, 0x0000015d5d090000]
 total_blobs=593 nmethods=214 adapters=291
 compilation: enabled
              stopped_count=0, restarted_count=0
 full_count=0

Compilation events (20 events):
Event: 0.265 Thread 0x0000015d71a237a0  209       3       jdk.internal.misc.Unsafe::allocateUninitializedArray (55 bytes)
Event: 0.265 Thread 0x0000015d718bbf50 nmethod 208 0x0000015d55531690 code [0x0000015d55531860, 0x0000015d55531bb8]
Event: 0.265 Thread 0x0000015d718bbf50  205       3       java.util.WeakHashMap::getTable (9 bytes)
Event: 0.266 Thread 0x0000015d71a237a0 nmethod 209 0x0000015d55531c90 code [0x0000015d55531e80, 0x0000015d555322f8]
Event: 0.266 Thread 0x0000015d71a37e90 nmethod 202 0x0000015d5d09d410 code [0x0000015d5d09d580, 0x0000015d5d09d618]
Event: 0.266 Thread 0x0000015d71a237a0  206   !   3       java.util.WeakHashMap::expungeStaleEntries (139 bytes)
Event: 0.266 Thread 0x0000015d718bbf50 nmethod 205 0x0000015d55532490 code [0x0000015d55532620, 0x0000015d55532768]
Event: 0.266 Thread 0x0000015d718bbf50  207       3       java.util.WeakHashMap::indexFor (6 bytes)
Event: 0.266 Thread 0x0000015d718bbf50 nmethod 207 0x0000015d55532810 code [0x0000015d555329a0, 0x0000015d55532a98]
Event: 0.266 Thread 0x0000015d71a237a0 nmethod 206 0x0000015d55532b10 code [0x0000015d55532d20, 0x0000015d55533768]
Event: 0.269 Thread 0x0000015d718bbf50  210       3       java.util.zip.ZipUtils::CENLEN (9 bytes)
Event: 0.269 Thread 0x0000015d718bbf50 nmethod 210 0x0000015d55533c10 code [0x0000015d55533dc0, 0x0000015d55534098]
Event: 0.270 Thread 0x0000015d718bbf50  211       1       java.util.ArrayList::size (5 bytes)
Event: 0.270 Thread 0x0000015d718bbf50 nmethod 211 0x0000015d5d09d710 code [0x0000015d5d09d8a0, 0x0000015d5d09d978]
Event: 0.270 Thread 0x0000015d71a37e90  212 %     4       java.lang.StringLatin1::indexOfChar @ 7 (33 bytes)
Event: 0.270 Thread 0x0000015d718bbf50  213       3       java.util.zip.ZipFile$Source::getEntryNext (9 bytes)
Event: 0.271 Thread 0x0000015d718bbf50 nmethod 213 0x0000015d55534210 code [0x0000015d555343a0, 0x0000015d555344d8]
Event: 0.271 Thread 0x0000015d71a237a0  214       3       java.util.HashMap::get (19 bytes)
Event: 0.271 Thread 0x0000015d71a237a0 nmethod 214 0x0000015d55534590 code [0x0000015d55534740, 0x0000015d55534908]
Event: 0.273 Thread 0x0000015d71a37e90 nmethod 212% 0x0000015d5d09da10 code [0x0000015d5d09dba0, 0x0000015d5d09dd98]

GC Heap History (0 events):
No events

Dll operation events (1 events):
Event: 0.015 Loaded shared library C:\Program Files\Android\Android Studio\jbr\bin\java.dll

Deoptimization events (20 events):
Event: 0.161 Thread 0x0000015d52037900 DEOPT PACKING pc=0x0000015d5550b88c sp=0x00000027ef6fd960
Event: 0.161 Thread 0x0000015d52037900 DEOPT UNPACKING pc=0x0000015d5c997143 sp=0x00000027ef6fcdf0 mode 0
Event: 0.161 Thread 0x0000015d52037900 DEOPT PACKING pc=0x0000015d5550b88c sp=0x00000027ef6fd960
Event: 0.161 Thread 0x0000015d52037900 DEOPT UNPACKING pc=0x0000015d5c997143 sp=0x00000027ef6fcdf0 mode 0
Event: 0.162 Thread 0x0000015d52037900 DEOPT PACKING pc=0x0000015d5550b88c sp=0x00000027ef6fd960
Event: 0.162 Thread 0x0000015d52037900 DEOPT UNPACKING pc=0x0000015d5c997143 sp=0x00000027ef6fcdf0 mode 0
Event: 0.162 Thread 0x0000015d52037900 DEOPT PACKING pc=0x0000015d5550b88c sp=0x00000027ef6fd960
Event: 0.162 Thread 0x0000015d52037900 DEOPT UNPACKING pc=0x0000015d5c997143 sp=0x00000027ef6fcdf0 mode 0
Event: 0.162 Thread 0x0000015d52037900 DEOPT PACKING pc=0x0000015d5550b88c sp=0x00000027ef6fd960
Event: 0.162 Thread 0x0000015d52037900 DEOPT UNPACKING pc=0x0000015d5c997143 sp=0x00000027ef6fcdf0 mode 0
Event: 0.162 Thread 0x0000015d52037900 DEOPT PACKING pc=0x0000015d5550b88c sp=0x00000027ef6fd960
Event: 0.162 Thread 0x0000015d52037900 DEOPT UNPACKING pc=0x0000015d5c997143 sp=0x00000027ef6fcdf0 mode 0
Event: 0.162 Thread 0x0000015d52037900 DEOPT PACKING pc=0x0000015d5550b88c sp=0x00000027ef6fd960
Event: 0.162 Thread 0x0000015d52037900 DEOPT UNPACKING pc=0x0000015d5c997143 sp=0x00000027ef6fcdf0 mode 0
Event: 0.162 Thread 0x0000015d52037900 DEOPT PACKING pc=0x0000015d5550b88c sp=0x00000027ef6fd960
Event: 0.162 Thread 0x0000015d52037900 DEOPT UNPACKING pc=0x0000015d5c997143 sp=0x00000027ef6fcdf0 mode 0
Event: 0.214 Thread 0x0000015d52037900 Uncommon trap: trap_request=0xffffff45 fr.pc=0x0000015d5d095f50 relative=0x00000000000006f0
Event: 0.214 Thread 0x0000015d52037900 Uncommon trap: reason=unstable_if action=reinterpret pc=0x0000015d5d095f50 method=java.util.zip.ZipFile$Source.checkAndAddEntry(II)I @ 50 c2
Event: 0.214 Thread 0x0000015d52037900 DEOPT PACKING pc=0x0000015d5d095f50 sp=0x00000027ef6fe540
Event: 0.214 Thread 0x0000015d52037900 DEOPT UNPACKING pc=0x0000015d5c9969a3 sp=0x00000027ef6fe4b8 mode 2

Classes unloaded (0 events):
No events

Classes redefined (0 events):
No events

Internal exceptions (0 events):
No events

VM Operations (2 events):
Event: 0.172 Executing VM operation: HandshakeAllThreads
Event: 0.173 Executing VM operation: HandshakeAllThreads done

Events (20 events):
Event: 0.252 loading class java/util/ArrayList$Itr
Event: 0.252 loading class java/util/ArrayList$Itr done
Event: 0.252 loading class jdk/internal/org/objectweb/asm/FieldWriter
Event: 0.252 loading class jdk/internal/org/objectweb/asm/FieldVisitor
Event: 0.252 loading class jdk/internal/org/objectweb/asm/FieldVisitor done
Event: 0.252 loading class jdk/internal/org/objectweb/asm/FieldWriter done
Event: 0.255 loading class java/lang/UnsatisfiedLinkError
Event: 0.255 loading class java/lang/UnsatisfiedLinkError done
Event: 0.267 loading class java/lang/NumberFormatException
Event: 0.267 loading class java/lang/NumberFormatException done
Event: 0.268 loading class java/util/EnumSet
Event: 0.268 loading class java/util/EnumSet done
Event: 0.268 loading class java/lang/Class$3
Event: 0.268 loading class java/lang/Class$3 done
Event: 0.268 loading class jdk/internal/reflect/NativeMethodAccessorImpl
Event: 0.268 loading class jdk/internal/reflect/NativeMethodAccessorImpl done
Event: 0.268 loading class jdk/internal/reflect/DelegatingMethodAccessorImpl
Event: 0.268 loading class jdk/internal/reflect/DelegatingMethodAccessorImpl done
Event: 0.268 loading class java/util/RegularEnumSet
Event: 0.268 loading class java/util/RegularEnumSet done


Dynamic libraries:
0x00007ff7f3300000 - 0x00007ff7f330a000 	C:\Program Files\Android\Android Studio\jbr\bin\java.exe
0x00007ffa99cf0000 - 0x00007ffa99f04000 	C:\WINDOWS\SYSTEM32\ntdll.dll
0x00007ffa97d00000 - 0x00007ffa97dc2000 	C:\WINDOWS\System32\KERNEL32.DLL
0x00007ffa970f0000 - 0x00007ffa97493000 	C:\WINDOWS\System32\KERNELBASE.dll
0x00007ffa63a00000 - 0x00007ffa63acf000 	C:\Program Files\Bitdefender\Bitdefender Security\bdhkm\dlls_266458656996445284\bdhkm64.dll
0x00007ffa638a0000 - 0x00007ffa639fb000 	C:\Program Files\Bitdefender\Bitdefender Security\atcuf\dlls_266714411637618021\atcuf64.dll
0x00007ffa97780000 - 0x00007ffa97891000 	C:\WINDOWS\System32\ucrtbase.dll
0x00007ffa70890000 - 0x00007ffa708a7000 	C:\Program Files\Android\Android Studio\jbr\bin\jli.dll
0x00007ffa99510000 - 0x00007ffa996bb000 	C:\WINDOWS\System32\USER32.dll
0x00007ffa97520000 - 0x00007ffa97546000 	C:\WINDOWS\System32\win32u.dll
0x00007ffa97ad0000 - 0x00007ffa97af9000 	C:\WINDOWS\System32\GDI32.dll
0x00007ffa979b0000 - 0x00007ffa97ac9000 	C:\WINDOWS\System32\gdi32full.dll
0x00007ffa978a0000 - 0x00007ffa9793a000 	C:\WINDOWS\System32\msvcp_win.dll
0x00007ffa5a8a0000 - 0x00007ffa5a8bb000 	C:\Program Files\Android\Android Studio\jbr\bin\VCRUNTIME140.dll
0x00007ffa77150000 - 0x00007ffa773de000 	C:\WINDOWS\WinSxS\amd64_microsoft.windows.common-controls_6595b64144ccf1df_6.0.22621.1635_none_270f70857386168e\COMCTL32.dll
0x00007ffa98dd0000 - 0x00007ffa98e77000 	C:\WINDOWS\System32\msvcrt.dll
0x00007ffa98820000 - 0x00007ffa98851000 	C:\WINDOWS\System32\IMM32.DLL
0x00007ffa766e0000 - 0x00007ffa766ec000 	C:\Program Files\Android\Android Studio\jbr\bin\vcruntime140_1.dll
0x00007ffa3d570000 - 0x00007ffa3d5fd000 	C:\Program Files\Android\Android Studio\jbr\bin\msvcp140.dll
0x00007ffa204f0000 - 0x00007ffa2115e000 	C:\Program Files\Android\Android Studio\jbr\bin\server\jvm.dll
0x00007ffa97b00000 - 0x00007ffa97bae000 	C:\WINDOWS\System32\ADVAPI32.dll
0x00007ffa99c00000 - 0x00007ffa99ca4000 	C:\WINDOWS\System32\sechost.dll
0x00007ffa988c0000 - 0x00007ffa989d7000 	C:\WINDOWS\System32\RPCRT4.dll
0x00007ffa73260000 - 0x00007ffa73269000 	C:\WINDOWS\SYSTEM32\WSOCK32.dll
0x00007ffa98ba0000 - 0x00007ffa98c11000 	C:\WINDOWS\System32\WS2_32.dll
0x00007ffa90c50000 - 0x00007ffa90c84000 	C:\WINDOWS\SYSTEM32\WINMM.dll
0x00007ffa90310000 - 0x00007ffa9031a000 	C:\WINDOWS\SYSTEM32\VERSION.dll
0x00007ffa960b0000 - 0x00007ffa960c8000 	C:\WINDOWS\SYSTEM32\kernel.appcore.dll
0x00007ffa81cc0000 - 0x00007ffa81cca000 	C:\Program Files\Android\Android Studio\jbr\bin\jimage.dll
0x00007ffa94d10000 - 0x00007ffa94f3e000 	C:\WINDOWS\SYSTEM32\DBGHELP.DLL
0x00007ffa99870000 - 0x00007ffa99bf9000 	C:\WINDOWS\System32\combase.dll
0x00007ffa99790000 - 0x00007ffa99867000 	C:\WINDOWS\System32\OLEAUT32.dll
0x00007ffa78520000 - 0x00007ffa78552000 	C:\WINDOWS\SYSTEM32\dbgcore.DLL
0x00007ffa974a0000 - 0x00007ffa9751b000 	C:\WINDOWS\System32\bcryptPrimitives.dll
0x00007ffa7daa0000 - 0x00007ffa7dac5000 	C:\Program Files\Android\Android Studio\jbr\bin\java.dll
0x00007ffa659a0000 - 0x00007ffa659b8000 	C:\Program Files\Android\Android Studio\jbr\bin\zip.dll
0x00007ffa98020000 - 0x00007ffa9881a000 	C:\WINDOWS\System32\SHELL32.dll
0x00007ffa950a0000 - 0x00007ffa9596e000 	C:\WINDOWS\SYSTEM32\windows.storage.dll
0x00007ffa94f60000 - 0x00007ffa9509e000 	C:\WINDOWS\SYSTEM32\wintypes.dll
0x00007ffa97dd0000 - 0x00007ffa97ec1000 	C:\WINDOWS\System32\SHCORE.dll
0x00007ffa98fc0000 - 0x00007ffa9901e000 	C:\WINDOWS\System32\shlwapi.dll
0x00007ffa97020000 - 0x00007ffa97041000 	C:\WINDOWS\SYSTEM32\profapi.dll
0x00007ffa65980000 - 0x00007ffa65999000 	C:\Program Files\Android\Android Studio\jbr\bin\net.dll
0x00007ffa90f40000 - 0x00007ffa91077000 	C:\WINDOWS\SYSTEM32\WINHTTP.dll
0x00007ffa96590000 - 0x00007ffa965f9000 	C:\WINDOWS\system32\mswsock.dll
0x00007ffa60f10000 - 0x00007ffa60f26000 	C:\Program Files\Android\Android Studio\jbr\bin\nio.dll

dbghelp: loaded successfully - version: 4.0.5 - missing functions: none
symbol engine: initialized successfully - sym options: 0x614 - pdb path: .;C:\Program Files\Android\Android Studio\jbr\bin;C:\WINDOWS\SYSTEM32;C:\Program Files\Bitdefender\Bitdefender Security\bdhkm\dlls_266458656996445284;C:\Program Files\Bitdefender\Bitdefender Security\atcuf\dlls_266714411637618021;C:\WINDOWS\WinSxS\amd64_microsoft.windows.common-controls_6595b64144ccf1df_6.0.22621.1635_none_270f70857386168e;C:\Program Files\Android\Android Studio\jbr\bin\server

VM Arguments:
java_command: org.jetbrains.kotlin.cli.jvm.K2JVMCompiler @C:\Users\samue\AndroidStudioProjects\GitBrainCard\BrainCard\app\build\20230827_11818265312590126085.compiler.options
java_class_path (initial): C:\Users\samue\.gradle\caches\modules-2\files-2.1\org.jetbrains.kotlin\kotlin-compiler-embeddable\1.8.0\eb9118d4bcceaa2a94b2ae2a33a4ddba7c9a947f\kotlin-compiler-embeddable-1.8.0.jar;C:\Users\samue\.gradle\caches\modules-2\files-2.1\org.jetbrains.kotlin\kotlin-stdlib\1.8.0\1796921c7a3e2e2665a83e6c8d33399336cd39bc\kotlin-stdlib-1.8.0.jar;C:\Users\samue\.gradle\caches\modules-2\files-2.1\org.jetbrains.kotlin\kotlin-script-runtime\1.8.0\b2f7e760d283cb339974851c222a4c1d48f2d3d\kotlin-script-runtime-1.8.0.jar;C:\Users\samue\.gradle\caches\modules-2\files-2.1\org.jetbrains.kotlin\kotlin-reflect\1.6.10\1cbe9c92c12a94eea200d23c2bbaedaf3daf5132\kotlin-reflect-1.6.10.jar;C:\Users\samue\.gradle\caches\modules-2\files-2.1\org.jetbrains.kotlin\kotlin-daemon-embeddable\1.8.0\d255216c551685dc3a7e852b53617f5f01aaaa5c\kotlin-daemon-embeddable-1.8.0.jar;C:\Users\samue\.gradle\caches\modules-2\files-2.1\org.jetbrains.intellij.deps\trove4j\1.0.20200330\3afb14d5f9ceb459d724e907a21145e8ff394f02\trove4j-1.0.20200330.jar;C:\Users\samue\.gradle\caches\modules-2\files-2.1\net.java.dev.jna\jna\5.6.0\330f2244e9030119ab3030fc3fededc86713d9cc\jna-5.6.0.jar;C:\Users\samue\.gradle\caches\modules-2\files-2.1\org.jetbrains.kotlin\kotlin-stdlib-common\1.8.0\f7197e7cc76453ac59f8b0f8d5137cc600becd36\kotlin-stdlib-common-1.8.0.jar;C:\Users\samue\.gradle\caches\modules-2\files-2.1\org.jetbrains\annotations\13.0\919f0dfe192fb4e063e7dacadee7f8bb9a2672a9\annotations-13.0.jar
Launcher Type: SUN_STANDARD

[Global flags]
     intx CICompilerCount                          = 12                                        {product} {ergonomic}
     uint ConcGCThreads                            = 3                                         {product} {ergonomic}
     uint G1ConcRefinementThreads                  = 13                                        {product} {ergonomic}
   size_t G1HeapRegionSize                         = 2097152                                   {product} {ergonomic}
    uintx GCDrainStackTargetSize                   = 64                                        {product} {ergonomic}
   size_t InitialHeapSize                          = 257949696                                 {product} {ergonomic}
   size_t MarkStackSize                            = 4194304                                   {product} {ergonomic}
   size_t MaxHeapSize                              = 4127195136                                {product} {ergonomic}
   size_t MaxNewSize                               = 2474639360                                {product} {ergonomic}
   size_t MinHeapDeltaBytes                        = 2097152                                   {product} {ergonomic}
   size_t MinHeapSize                              = 8388608                                   {product} {ergonomic}
    uintx NonNMethodCodeHeapSize                   = 7602480                                {pd product} {ergonomic}
    uintx NonProfiledCodeHeapSize                  = 122027880                              {pd product} {ergonomic}
    uintx ProfiledCodeHeapSize                     = 122027880                              {pd product} {ergonomic}
    uintx ReservedCodeCacheSize                    = 251658240                              {pd product} {ergonomic}
     bool SegmentedCodeCache                       = true                                      {product} {ergonomic}
   size_t SoftMaxHeapSize                          = 4127195136                             {manageable} {ergonomic}
     bool UseCompressedClassPointers               = true                           {product lp64_product} {ergonomic}
     bool UseCompressedOops                        = true                           {product lp64_product} {ergonomic}
     bool UseG1GC                                  = true                                      {product} {ergonomic}
     bool UseLargePagesIndividualAllocation        = false                                  {pd product} {ergonomic}

Logging:
Log output configuration:
 #0: stdout all=warning uptime,level,tags
 #1: stderr all=off uptime,level,tags

Environment Variables:
PATH=C:\Program Files\Eclipse Foundation\jdk-8.0.302.8-hotspot\bin;C:\Program Files (x86)\Common Files\Oracle\Java\javapath;C:\Windows\system32;C:\Windows;C:\Windows\System32\Wbem;C:\Windows\System32\WindowsPowerShell\v1.0\;C:\Windows\System32\OpenSSH\;C:\Program Files (x86)\NVIDIA Corporation\PhysX\Common;C:\Program Files\NVIDIA Corporation\NVIDIA NvDLISR;C:\Program Files\Git\cmd;C:\WINDOWS\system32;C:\WINDOWS;C:\WINDOWS\System32\Wbem;C:\WINDOWS\System32\WindowsPowerShell\v1.0\;C:\WINDOWS\System32\OpenSSH\;C:\Program Files\MATLAB\R2021b\bin;C:\WINDOWS\system32;C:\WINDOWS;C:\WINDOWS\System32\Wbem;C:\WINDOWS\System32\WindowsPowerShell\v1.0\;C:\WINDOWS\System32\OpenSSH\;C:\Program Files\Microsoft SQL Server\130\Tools\Binn\;C:\Program Files\Microsoft SQL Server\Client SDK\ODBC\170\Tools\Binn\;C:\Program Files\dotnet\;C:\xampp\php;C:\ProgramData\ComposerSetup\bin;C:\Program Files\nodejs\;C:\Users\samue\AppData\Local\Programs\Python\Python39\Scripts\;C:\Users\samue\AppData\Local\Programs\Python\Python39\;C:\Users\samue\AppData\Roaming\Microsoft\Windows\Start Menu\Programs\Python 3.9\Python 3.9 (64-bit).lnk;C:\Users\samue\AppData\Local\GitHubDesktop\bin;C:\Users\samue\AppData\Local\Microsoft\WindowsApps;C:\Users\samue\.dotnet\tools;C:\Users\samue\AppData\Local\Programs\Microsoft VS Code\bin;C:\Users\samue\AppData\Roaming\Composer\vendor\bin;C:\xampp\php;C:\Users\samue\AppData\Roaming\npm;C:\Program Files\nodejs;
USERNAME=samue
OS=Windows_NT
PROCESSOR_IDENTIFIER=AMD64 Family 23 Model 96 Stepping 1, AuthenticAMD
TMP=C:\Users\samue\AppData\Local\Temp
TEMP=C:\Users\samue\AppData\Local\Temp


JNI global refs:
JNI global refs: 16, weak refs: 0

JNI global refs memory usage: 843, weak refs: 209


---------------  S Y S T E M  ---------------

OS:
 Windows 11 , 64 bit Build 22621 (10.0.22621.1778)
OS uptime: 9 days 3:23 hours
Hyper-V role detected

CPU: total 16 (initial active 16) (16 cores per cpu, 2 threads per core) family 23 model 96 stepping 1 microcode 0x0, cx8, cmov, fxsr, ht, mmx, 3dnowpref, sse, sse2, sse3, ssse3, sse4a, sse4.1, sse4.2, popcnt, lzcnt, tsc, tscinvbit, avx, avx2, aes, clmul, bmi1, bmi2, adx, sha, fma, vzeroupper, clflush, clflushopt, hv

Memory: 4k page, system-wide physical 15741M (1381M free)
TotalPageFile size 18741M (AvailPageFile size 4M)
current process WorkingSet (physical memory assigned to process): 45M, peak: 45M
current process commit charge ("private bytes"): 343M, peak: 343M

vm_info: OpenJDK 64-Bit Server VM (17.0.6+0-b2043.56-10027231) for windows-amd64 JRE (17.0.6+0-b2043.56-10027231), built on Apr 28 2023 00:43:19 by "androidbuild" with MS VC++ 16.10 / 16.11 (VS2019)

END.
